<?xml version="1.0" encoding="UTF-8"?>
<testsuite xmlns:xsi="http://www.w3.org/2001/XMLSchema-instance" xsi:noNamespaceSchemaLocation="https://maven.apache.org/surefire/maven-surefire-plugin/xsd/surefire-test-report.xsd" name="com.splitec.splicount.SplicountApplicationTests" time="0.237" tests="1" errors="1" skipped="0" failures="0">
  <properties>
[...]
</properties>
  <testcase name="com.splitec.splicount.SplicountApplicationTests" classname="com.splitec.splicount.SplicountApplicationTests" time="0.235">
    <error message="Unable to find a @SpringBootConfiguration, you need to use @ContextConfiguration or @SpringBootTest(classes=...) with your test" type="java.lang.IllegalStateException">java.lang.IllegalStateException: Unable to find a @SpringBootConfiguration, you need to use @ContextConfiguration or @SpringBootTest(classes=...) with your test
</error>
    <system-out><![CDATA[19:26:57.300 [main] DEBUG org.springframework.test.context.BootstrapUtils - Instantiating CacheAwareContextLoaderDelegate from class [org.springframework.test.context.cache.DefaultCacheAwareContextLoaderDelegate]
19:26:57.312 [main] DEBUG org.springframework.test.context.BootstrapUtils - Instantiating BootstrapContext using constructor [public org.springframework.test.context.support.DefaultBootstrapContext(java.lang.Class,org.springframework.test.context.CacheAwareContextLoaderDelegate)]
19:26:57.346 [main] DEBUG org.springframework.test.context.BootstrapUtils - Instantiating TestContextBootstrapper for test class [com.splitec.splicount.SplicountApplicationTests] from class [org.springframework.boot.test.context.SpringBootTestContextBootstrapper]
19:26:57.356 [main] INFO org.springframework.boot.test.context.SpringBootTestContextBootstrapper - Neither @ContextConfiguration nor @ContextHierarchy found for test class [com.splitec.splicount.SplicountApplicationTests], using SpringBootContextLoader
19:26:57.359 [main] DEBUG org.springframework.test.context.support.AbstractContextLoader - Did not detect default resource location for test class [com.splitec.splicount.SplicountApplicationTests]: class path resource [com/splitec/splicount/SplicountApplicationTests-context.xml] does not exist
19:26:57.360 [main] DEBUG org.springframework.test.context.support.AbstractContextLoader - Did not detect default resource location for test class [com.splitec.splicount.SplicountApplicationTests]: class path resource [com/splitec/splicount/SplicountApplicationTestsContext.groovy] does not exist
19:26:57.360 [main] INFO org.springframework.test.context.support.AbstractContextLoader - Could not detect default resource locations for test class [com.splitec.splicount.SplicountApplicationTests]: no resource found for suffixes {-context.xml, Context.groovy}.
19:26:57.360 [main] INFO org.springframework.test.context.support.AnnotationConfigContextLoaderUtils - Could not detect default configuration classes for test class [com.splitec.splicount.SplicountApplicationTests]: SplicountApplicationTests does not declare any static, non-private, non-final, nested classes annotated with @Configuration.
19:26:57.407 [main] DEBUG org.springframework.test.context.support.ActiveProfilesUtils - Could not find an 'annotation declaring class' for annotation type [org.springframework.test.context.ActiveProfiles] and class [com.splitec.splicount.SplicountApplicationTests]
]]></system-out>
  </testcase>
</testsuite>